<?xml version="1.0" encoding="UTF-8"?>
<!-- Generated by org.testng.reporters.JUnitReportReporter -->
<testsuite skipped="0" hostname="DESKTOP-27TENOO" name="com.testingtestng.CrossBrowser" tests="6" failures="0" timestamp="20 Jun 2022 13:20:24 GMT" time="176.869" errors="0">
  <testcase name="tc2" time="20.365" classname="com.testingtestng.CrossBrowser"/>
  <testcase name="tc1" time="43.435" classname="com.testingtestng.CrossBrowser"/>
  <testcase name="tc1" time="35.538" classname="com.testingtestng.CrossBrowser"/>
  <testcase name="tc1" time="49.887" classname="com.testingtestng.CrossBrowser"/>
  <testcase name="tc2" time="12.969" classname="com.testingtestng.CrossBrowser"/>
  <testcase name="tc2" time="14.675" classname="com.testingtestng.CrossBrowser"/>
</testsuite> <!-- com.testingtestng.CrossBrowser -->
