<?xml version="1.0" encoding="UTF-8"?>
<!-- Generated by org.testng.reporters.JUnitReportReporter -->
<testsuite skipped="0" hostname="DESKTOP-27TENOO" name="org.testingng.Fruit" tests="1" failures="0" timestamp="14 Jun 2022 12:41:12 GMT" time="7.716" errors="0">
  <testcase name="amazonlaunch" time="7.716" classname="org.testingng.Fruit"/>
</testsuite> <!-- org.testingng.Fruit -->
