<?xml version="1.0" encoding="UTF-8"?>
<!-- Generated by org.testng.reporters.JUnitReportReporter -->
<testsuite skipped="0" hostname="DESKTOP-27TENOO" name="org.testingng.Tree" tests="1" failures="0" timestamp="14 Jun 2022 12:41:12 GMT" time="41.645" errors="0">
  <testcase name="flipkart" time="41.645" classname="org.testingng.Tree"/>
</testsuite> <!-- org.testingng.Tree -->
