<?xml version="1.0" encoding="UTF-8"?>
<!-- Generated by org.testng.reporters.JUnitReportReporter -->
<testsuite skipped="1" hostname="DESKTOP-27TENOO" name="org.sample.Sample2" tests="3" failures="0" timestamp="05 Jun 2022 12:37:09 GMT" time="518.592" errors="0">
  <testcase name="tc23" time="34.276" classname="org.sample.Sample2"/>
  <testcase name="tc21" time="484.316" classname="org.sample.Sample2"/>
  <testcase name="tc22" classname="org.sample.Sample2">
    <skipped/>
  </testcase> <!-- tc22 -->
</testsuite> <!-- org.sample.Sample2 -->
