<?xml version="1.0" encoding="UTF-8"?>
<!-- Generated by org.testng.reporters.JUnitReportReporter -->
<testsuite skipped="1" hostname="DESKTOP-27TENOO" name="com.testingtestng.Book" tests="3" failures="0" timestamp="20 Jun 2022 11:51:06 GMT" time="231.313" errors="0">
  <testcase name="tc3" time="92.855" classname="com.testingtestng.Book">
    <skipped/>
  </testcase> <!-- tc3 -->
  <testcase name="tc3" time="50.083" classname="com.testingtestng.Book"/>
  <testcase name="tc1" time="88.375" classname="com.testingtestng.Book"/>
</testsuite> <!-- com.testingtestng.Book -->
